\BOOKMARK [1][-]{section.1}{Introduction}{}% 1
\BOOKMARK [1][-]{section.2}{Conception}{}% 2
\BOOKMARK [2][-]{subsection.2.1}{Cahier de charges}{section.2}% 3
\BOOKMARK [2][-]{subsection.2.2}{Fonctionnalit\351s}{section.2}% 4
\BOOKMARK [1][-]{section.3}{Organisation du Projet}{}% 5
\BOOKMARK [2][-]{subsection.3.1}{Planning Pr\351visionnel et r\351partition des t\342ches}{section.3}% 6
\BOOKMARK [1][-]{section.4}{D\351veloppement}{}% 7
\BOOKMARK [2][-]{subsection.4.1}{Cr\351ation des ressources}{section.4}% 8
\BOOKMARK [3][-]{subsubsection.4.1.1}{Objet}{subsection.4.1}% 9
\BOOKMARK [3][-]{subsubsection.4.1.2}{Sprites et Personnages}{subsection.4.1}% 10
\BOOKMARK [3][-]{subsubsection.4.1.3}{Boutons}{subsection.4.1}% 11
\BOOKMARK [3][-]{subsubsection.4.1.4}{Sorts}{subsection.4.1}% 12
\BOOKMARK [2][-]{subsection.4.2}{Impl\351mentation}{section.4}% 13
\BOOKMARK [3][-]{subsubsection.4.2.1}{Map}{subsection.4.2}% 14
\BOOKMARK [3][-]{subsubsection.4.2.2}{Comp\351tences}{subsection.4.2}% 15
\BOOKMARK [3][-]{subsubsection.4.2.3}{Objets}{subsection.4.2}% 16
\BOOKMARK [3][-]{subsubsection.4.2.4}{Qu\352tes}{subsection.4.2}% 17
\BOOKMARK [3][-]{subsubsection.4.2.5}{Personnages non joueurs}{subsection.4.2}% 18
\BOOKMARK [3][-]{subsubsection.4.2.6}{Ev\350nement}{subsection.4.2}% 19
\BOOKMARK [2][-]{subsection.4.3}{R\351seau}{section.4}% 20
\BOOKMARK [3][-]{subsubsection.4.3.1}{Client}{subsection.4.3}% 21
\BOOKMARK [3][-]{subsubsection.4.3.2}{Serveur}{subsection.4.3}% 22
\BOOKMARK [2][-]{subsection.4.4}{Rendu Graphique}{section.4}% 23
\BOOKMARK [3][-]{subsubsection.4.4.1}{Menu Principal}{subsection.4.4}% 24
\BOOKMARK [3][-]{subsubsection.4.4.2}{Jeu}{subsection.4.4}% 25
\BOOKMARK [1][-]{section.5}{R\351sultats et conslusion}{}% 26
\BOOKMARK [1][-]{section.6}{Annexes}{}% 27
